{
  "RSpec": {
    "coverage": {
      "/home/phalado/Projects/bycoders/Aulas testes automatizados/aulas-testes-automatizados/app/models/user.rb": {
        "lines": [
          1,
          null,
          null,
          1,
          null,
          null,
          1,
          1,
          null
        ]
      },
      "/home/phalado/Projects/bycoders/Aulas testes automatizados/aulas-testes-automatizados/app/models/application_record.rb": {
        "lines": [
          1,
          1,
          null
        ]
      },
      "/home/phalado/Projects/bycoders/Aulas testes automatizados/aulas-testes-automatizados/app/helpers/application_helper.rb": {
        "lines": [
          1,
          null
        ]
      },
      "/home/phalado/Projects/bycoders/Aulas testes automatizados/aulas-testes-automatizados/app/helpers/pets_helper.rb": {
        "lines": [
          1,
          null
        ]
      },
      "/home/phalado/Projects/bycoders/Aulas testes automatizados/aulas-testes-automatizados/app/helpers/users_helper.rb": {
        "lines": [
          1,
          null
        ]
      },
      "/home/phalado/Projects/bycoders/Aulas testes automatizados/aulas-testes-automatizados/app/controllers/pets_controller.rb": {
        "lines": [
          1,
          1,
          null,
          null,
          1,
          1,
          null,
          null,
          null,
          1,
          null,
          null,
          null,
          1,
          1,
          null,
          null,
          null,
          1,
          null,
          null,
          null,
          1,
          4,
          null,
          4,
          4,
          3,
          3,
          null,
          3,
          3,
          null,
          null,
          null,
          null,
          null,
          1,
          2,
          2,
          2,
          1,
          null,
          2,
          1,
          null,
          null,
          null,
          null,
          null,
          1,
          1,
          1,
          2,
          1,
          null,
          null,
          null,
          1,
          null,
          1,
          5,
          null,
          null,
          null,
          1,
          6,
          null,
          null
        ]
      },
      "/home/phalado/Projects/bycoders/Aulas testes automatizados/aulas-testes-automatizados/app/controllers/application_controller.rb": {
        "lines": [
          1,
          1,
          null
        ]
      },
      "/home/phalado/Projects/bycoders/Aulas testes automatizados/aulas-testes-automatizados/app/controllers/users_controller.rb": {
        "lines": [
          1,
          1,
          null,
          1,
          1,
          null,
          null,
          1,
          null,
          1,
          null,
          1,
          1,
          null,
          null
        ]
      },
      "/home/phalado/Projects/bycoders/Aulas testes automatizados/aulas-testes-automatizados/app/models/pet.rb": {
        "lines": [
          1,
          1,
          null,
          1,
          1,
          null,
          1,
          null,
          5,
          null,
          1,
          27,
          null,
          27,
          null,
          9,
          null,
          10,
          null,
          8,
          null,
          null,
          27,
          null,
          null,
          1,
          55,
          null,
          null
        ]
      }
    },
    "timestamp": 1621530995
  }
}
