{
  "RSpec": {
    "coverage": {
      "/home/phalado/Projects/bycoders/Aulas testes automatizados/aulas-testes-automatizados/app/models/user.rb": {
        "lines": [
          1,
          null,
          null,
          1,
          null,
          null,
          1,
          null
        ]
      },
      "/home/phalado/Projects/bycoders/Aulas testes automatizados/aulas-testes-automatizados/app/models/application_record.rb": {
        "lines": [
          1,
          1,
          null
        ]
      },
      "/home/phalado/Projects/bycoders/Aulas testes automatizados/aulas-testes-automatizados/app/helpers/application_helper.rb": {
        "lines": [
          1,
          null
        ]
      },
      "/home/phalado/Projects/bycoders/Aulas testes automatizados/aulas-testes-automatizados/app/helpers/pets_helper.rb": {
        "lines": [
          1,
          null
        ]
      }
    },
    "timestamp": 1621450581
  }
}
